<?xml version="1.0" encoding="UTF-8"?>
<coverage generated="1574927967060" clover="3.2.0">
  <project timestamp="1574927967061" name="All files">
    <metrics statements="23" coveredstatements="23" conditionals="4" coveredconditionals="3" methods="8" coveredmethods="8" elements="35" coveredelements="34" complexity="0" loc="23" ncloc="23" packages="3" files="5" classes="5"/>
    <package name="scripts">
      <metrics statements="3" coveredstatements="3" conditionals="0" coveredconditionals="0" methods="1" coveredmethods="1"/>
      <file name="cost.js" path="/home/liubovmurarova/my-folder/js-band-hw-task-5/src/scripts/cost.js">
        <metrics statements="3" coveredstatements="3" conditionals="0" coveredconditionals="0" methods="1" coveredmethods="1"/>
        <line num="3" count="1" type="stmt"/>
        <line num="4" count="1" type="stmt"/>
        <line num="5" count="1" type="stmt"/>
      </file>
    </package>
    <package name="scripts.services">
      <metrics statements="3" coveredstatements="3" conditionals="4" coveredconditionals="3" methods="1" coveredmethods="1"/>
      <file name="factory.js" path="/home/liubovmurarova/my-folder/js-band-hw-task-5/src/scripts/services/factory.js">
        <metrics statements="3" coveredstatements="3" conditionals="4" coveredconditionals="3" methods="1" coveredmethods="1"/>
        <line num="7" count="2" type="cond" truecount="2" falsecount="0"/>
        <line num="8" count="1" type="cond" truecount="1" falsecount="1"/>
        <line num="12" count="1" type="stmt"/>
      </file>
    </package>
    <package name="scripts.vehicles">
      <metrics statements="17" coveredstatements="17" conditionals="0" coveredconditionals="0" methods="6" coveredmethods="6"/>
      <file name="ship.js" path="/home/liubovmurarova/my-folder/js-band-hw-task-5/src/scripts/vehicles/ship.js">
        <metrics statements="6" coveredstatements="6" conditionals="0" coveredconditionals="0" methods="2" coveredmethods="2"/>
        <line num="13" count="4" type="stmt"/>
        <line num="14" count="4" type="stmt"/>
        <line num="15" count="4" type="stmt"/>
        <line num="16" count="4" type="stmt"/>
        <line num="17" count="4" type="stmt"/>
        <line num="21" count="1" type="stmt"/>
      </file>
      <file name="truck.js" path="/home/liubovmurarova/my-folder/js-band-hw-task-5/src/scripts/vehicles/truck.js">
        <metrics statements="6" coveredstatements="6" conditionals="0" coveredconditionals="0" methods="2" coveredmethods="2"/>
        <line num="13" count="4" type="stmt"/>
        <line num="14" count="4" type="stmt"/>
        <line num="15" count="4" type="stmt"/>
        <line num="16" count="4" type="stmt"/>
        <line num="17" count="4" type="stmt"/>
        <line num="21" count="1" type="stmt"/>
      </file>
      <file name="vehicle.js" path="/home/liubovmurarova/my-folder/js-band-hw-task-5/src/scripts/vehicles/vehicle.js">
        <metrics statements="5" coveredstatements="5" conditionals="0" coveredconditionals="0" methods="2" coveredmethods="2"/>
        <line num="3" count="8" type="stmt"/>
        <line num="4" count="8" type="stmt"/>
        <line num="5" count="8" type="stmt"/>
        <line num="9" count="2" type="stmt"/>
        <line num="10" count="2" type="stmt"/>
      </file>
    </package>
  </project>
</coverage>
