{"/home/travis/build/murarova/js-band-hw-task-5/src/scripts/controller.js": {"path":"/home/travis/build/murarova/js-band-hw-task-5/src/scripts/controller.js","statementMap":{"0":{"start":{"line":3,"column":4},"end":{"line":3,"column":23}},"1":{"start":{"line":4,"column":4},"end":{"line":4,"column":21}},"2":{"start":{"line":6,"column":4},"end":{"line":6,"column":32}},"3":{"start":{"line":7,"column":4},"end":{"line":7,"column":48}},"4":{"start":{"line":8,"column":4},"end":{"line":8,"column":42}},"5":{"start":{"line":10,"column":4},"end":{"line":10,"column":60}},"6":{"start":{"line":11,"column":4},"end":{"line":11,"column":53}},"7":{"start":{"line":15,"column":4},"end":{"line":15,"column":35}},"8":{"start":{"line":16,"column":4},"end":{"line":16,"column":37}},"9":{"start":{"line":20,"column":4},"end":{"line":20,"column":29}},"10":{"start":{"line":21,"column":4},"end":{"line":21,"column":31}}},"fnMap":{"0":{"name":"(anonymous_0)","decl":{"start":{"line":2,"column":2},"end":{"line":2,"column":3}},"loc":{"start":{"line":2,"column":27},"end":{"line":12,"column":3}},"line":2},"1":{"name":"(anonymous_1)","decl":{"start":{"line":14,"column":2},"end":{"line":14,"column":3}},"loc":{"start":{"line":14,"column":22},"end":{"line":17,"column":3}},"line":14},"2":{"name":"(anonymous_2)","decl":{"start":{"line":19,"column":2},"end":{"line":19,"column":3}},"loc":{"start":{"line":19,"column":16},"end":{"line":22,"column":3}},"line":19}},"branchMap":{},"s":{"0":0,"1":0,"2":0,"3":0,"4":0,"5":0,"6":0,"7":0,"8":0,"9":0,"10":0},"f":{"0":0,"1":0,"2":0},"b":{},"_coverageSchema":"43e27e138ebf9cfc5966b082cf9a028302ed4184","hash":"47fbe80de60e54678d9de041b694d7d2b4fe7bde"}
,"/home/travis/build/murarova/js-band-hw-task-5/src/scripts/cost.js": {"path":"/home/travis/build/murarova/js-band-hw-task-5/src/scripts/cost.js","statementMap":{"0":{"start":{"line":3,"column":4},"end":{"line":3,"column":23}},"1":{"start":{"line":4,"column":4},"end":{"line":4,"column":29}},"2":{"start":{"line":5,"column":4},"end":{"line":5,"column":29}}},"fnMap":{"0":{"name":"(anonymous_0)","decl":{"start":{"line":2,"column":2},"end":{"line":2,"column":3}},"loc":{"start":{"line":2,"column":41},"end":{"line":6,"column":3}},"line":2}},"branchMap":{},"s":{"0":1,"1":1,"2":1},"f":{"0":1},"b":{},"_coverageSchema":"43e27e138ebf9cfc5966b082cf9a028302ed4184","hash":"dab0dcf10183d1292c01ae50e1e01b7b87b2f895"}
,"/home/travis/build/murarova/js-band-hw-task-5/src/scripts/index.js": {"path":"/home/travis/build/murarova/js-band-hw-task-5/src/scripts/index.js","statementMap":{"0":{"start":{"line":8,"column":13},"end":{"line":8,"column":23}},"1":{"start":{"line":9,"column":14},"end":{"line":9,"column":25}},"2":{"start":{"line":11,"column":0},"end":{"line":11,"column":28}}},"fnMap":{},"branchMap":{},"s":{"0":0,"1":0,"2":0},"f":{},"b":{},"hash":"9af8d591005cb59d2efcf03176f24bd36005e313"}
,"/home/travis/build/murarova/js-band-hw-task-5/src/scripts/model.js": {"path":"/home/travis/build/murarova/js-band-hw-task-5/src/scripts/model.js","statementMap":{"0":{"start":{"line":6,"column":4},"end":{"line":6,"column":29}},"1":{"start":{"line":7,"column":4},"end":{"line":7,"column":23}},"2":{"start":{"line":11,"column":4},"end":{"line":11,"column":45}},"3":{"start":{"line":12,"column":4},"end":{"line":12,"column":39}},"4":{"start":{"line":16,"column":23},"end":{"line":19,"column":5}},"5":{"start":{"line":20,"column":4},"end":{"line":20,"column":35}},"6":{"start":{"line":21,"column":4},"end":{"line":21,"column":38}},"7":{"start":{"line":22,"column":4},"end":{"line":22,"column":22}},"8":{"start":{"line":26,"column":20},"end":{"line":28,"column":5}},"9":{"start":{"line":29,"column":4},"end":{"line":29,"column":29}},"10":{"start":{"line":30,"column":4},"end":{"line":30,"column":32}},"11":{"start":{"line":31,"column":4},"end":{"line":31,"column":19}}},"fnMap":{"0":{"name":"(anonymous_0)","decl":{"start":{"line":5,"column":2},"end":{"line":5,"column":3}},"loc":{"start":{"line":5,"column":41},"end":{"line":8,"column":3}},"line":5},"1":{"name":"(anonymous_1)","decl":{"start":{"line":10,"column":2},"end":{"line":10,"column":3}},"loc":{"start":{"line":10,"column":19},"end":{"line":13,"column":3}},"line":10},"2":{"name":"(anonymous_2)","decl":{"start":{"line":15,"column":2},"end":{"line":15,"column":3}},"loc":{"start":{"line":15,"column":22},"end":{"line":23,"column":3}},"line":15},"3":{"name":"(anonymous_3)","decl":{"start":{"line":25,"column":2},"end":{"line":25,"column":3}},"loc":{"start":{"line":25,"column":16},"end":{"line":32,"column":3}},"line":25}},"branchMap":{"0":{"loc":{"start":{"line":5,"column":14},"end":{"line":5,"column":27}},"type":"default-arg","locations":[{"start":{"line":5,"column":25},"end":{"line":5,"column":27}}],"line":5},"1":{"loc":{"start":{"line":5,"column":29},"end":{"line":5,"column":39}},"type":"default-arg","locations":[{"start":{"line":5,"column":37},"end":{"line":5,"column":39}}],"line":5},"2":{"loc":{"start":{"line":11,"column":20},"end":{"line":11,"column":44}},"type":"binary-expr","locations":[{"start":{"line":11,"column":20},"end":{"line":11,"column":38}},{"start":{"line":11,"column":42},"end":{"line":11,"column":44}}],"line":11},"3":{"loc":{"start":{"line":12,"column":17},"end":{"line":12,"column":38}},"type":"binary-expr","locations":[{"start":{"line":12,"column":17},"end":{"line":12,"column":32}},{"start":{"line":12,"column":36},"end":{"line":12,"column":38}}],"line":12}},"s":{"0":2,"1":2,"2":0,"3":0,"4":1,"5":1,"6":1,"7":1,"8":1,"9":1,"10":1,"11":1},"f":{"0":2,"1":0,"2":1,"3":1},"b":{"0":[2],"1":[2],"2":[0,0],"3":[0,0]},"_coverageSchema":"43e27e138ebf9cfc5966b082cf9a028302ed4184","hash":"f6c3bbab3f9ef7b36ea6e5c726714c8086c09198"}
,"/home/travis/build/murarova/js-band-hw-task-5/src/scripts/view.js": {"path":"/home/travis/build/murarova/js-band-hw-task-5/src/scripts/view.js","statementMap":{"0":{"start":{"line":7,"column":4},"end":{"line":7,"column":12}},"1":{"start":{"line":9,"column":4},"end":{"line":9,"column":58}},"2":{"start":{"line":10,"column":4},"end":{"line":10,"column":48}},"3":{"start":{"line":11,"column":4},"end":{"line":11,"column":73}},"4":{"start":{"line":16,"column":4},"end":{"line":16,"column":52}},"5":{"start":{"line":16,"column":41},"end":{"line":16,"column":50}},"6":{"start":{"line":20,"column":4},"end":{"line":20,"column":23}},"7":{"start":{"line":22,"column":17},"end":{"line":22,"column":25}},"8":{"start":{"line":23,"column":18},"end":{"line":23,"column":52}},"9":{"start":{"line":24,"column":17},"end":{"line":24,"column":50}},"10":{"start":{"line":25,"column":25},"end":{"line":25,"column":58}},"11":{"start":{"line":26,"column":21},"end":{"line":26,"column":58}},"12":{"start":{"line":27,"column":25},"end":{"line":27,"column":66}},"13":{"start":{"line":28,"column":24},"end":{"line":28,"column":57}},"14":{"start":{"line":29,"column":25},"end":{"line":29,"column":67}},"15":{"start":{"line":30,"column":22},"end":{"line":30,"column":62}},"16":{"start":{"line":31,"column":26},"end":{"line":31,"column":65}},"17":{"start":{"line":32,"column":26},"end":{"line":32,"column":65}},"18":{"start":{"line":33,"column":21},"end":{"line":33,"column":27}},"19":{"start":{"line":34,"column":22},"end":{"line":34,"column":29}},"20":{"start":{"line":36,"column":4},"end":{"line":55,"column":5}},"21":{"start":{"line":37,"column":22},"end":{"line":45,"column":7}},"22":{"start":{"line":47,"column":6},"end":{"line":51,"column":7}},"23":{"start":{"line":49,"column":8},"end":{"line":49,"column":43}},"24":{"start":{"line":50,"column":8},"end":{"line":50,"column":15}},"25":{"start":{"line":53,"column":6},"end":{"line":53,"column":40}},"26":{"start":{"line":54,"column":6},"end":{"line":54,"column":19}},"27":{"start":{"line":57,"column":4},"end":{"line":76,"column":5}},"28":{"start":{"line":58,"column":23},"end":{"line":66,"column":7}},"29":{"start":{"line":68,"column":6},"end":{"line":72,"column":7}},"30":{"start":{"line":70,"column":8},"end":{"line":70,"column":43}},"31":{"start":{"line":71,"column":8},"end":{"line":71,"column":15}},"32":{"start":{"line":74,"column":6},"end":{"line":74,"column":41}},"33":{"start":{"line":75,"column":6},"end":{"line":75,"column":19}},"34":{"start":{"line":78,"column":4},"end":{"line":93,"column":5}},"35":{"start":{"line":79,"column":22},"end":{"line":83,"column":7}},"36":{"start":{"line":85,"column":6},"end":{"line":89,"column":7}},"37":{"start":{"line":87,"column":8},"end":{"line":87,"column":43}},"38":{"start":{"line":88,"column":8},"end":{"line":88,"column":15}},"39":{"start":{"line":91,"column":6},"end":{"line":91,"column":36}},"40":{"start":{"line":92,"column":6},"end":{"line":92,"column":19}},"41":{"start":{"line":98,"column":24},"end":{"line":98,"column":64}},"42":{"start":{"line":100,"column":4},"end":{"line":129,"column":6}},"43":{"start":{"line":133,"column":4},"end":{"line":133,"column":61}},"44":{"start":{"line":133,"column":32},"end":{"line":133,"column":59}},"45":{"start":{"line":138,"column":21},"end":{"line":138,"column":58}},"46":{"start":{"line":140,"column":4},"end":{"line":149,"column":6}},"47":{"start":{"line":153,"column":4},"end":{"line":153,"column":49}},"48":{"start":{"line":153,"column":26},"end":{"line":153,"column":47}}},"fnMap":{"0":{"name":"(anonymous_0)","decl":{"start":{"line":6,"column":2},"end":{"line":6,"column":3}},"loc":{"start":{"line":6,"column":16},"end":{"line":12,"column":3}},"line":6},"1":{"name":"(anonymous_1)","decl":{"start":{"line":15,"column":2},"end":{"line":15,"column":3}},"loc":{"start":{"line":15,"column":21},"end":{"line":17,"column":3}},"line":15},"2":{"name":"(anonymous_2)","decl":{"start":{"line":16,"column":35},"end":{"line":16,"column":36}},"loc":{"start":{"line":16,"column":41},"end":{"line":16,"column":50}},"line":16},"3":{"name":"(anonymous_3)","decl":{"start":{"line":19,"column":2},"end":{"line":19,"column":3}},"loc":{"start":{"line":19,"column":15},"end":{"line":94,"column":3}},"line":19},"4":{"name":"(anonymous_4)","decl":{"start":{"line":97,"column":2},"end":{"line":97,"column":3}},"loc":{"start":{"line":97,"column":25},"end":{"line":130,"column":3}},"line":97},"5":{"name":"(anonymous_5)","decl":{"start":{"line":132,"column":2},"end":{"line":132,"column":3}},"loc":{"start":{"line":132,"column":25},"end":{"line":134,"column":3}},"line":132},"6":{"name":"(anonymous_6)","decl":{"start":{"line":133,"column":21},"end":{"line":133,"column":22}},"loc":{"start":{"line":133,"column":32},"end":{"line":133,"column":59}},"line":133},"7":{"name":"(anonymous_7)","decl":{"start":{"line":137,"column":2},"end":{"line":137,"column":3}},"loc":{"start":{"line":137,"column":19},"end":{"line":150,"column":3}},"line":137},"8":{"name":"(anonymous_8)","decl":{"start":{"line":152,"column":2},"end":{"line":152,"column":3}},"loc":{"start":{"line":152,"column":19},"end":{"line":154,"column":3}},"line":152},"9":{"name":"(anonymous_9)","decl":{"start":{"line":153,"column":18},"end":{"line":153,"column":19}},"loc":{"start":{"line":153,"column":26},"end":{"line":153,"column":47}},"line":153}},"branchMap":{"0":{"loc":{"start":{"line":36,"column":4},"end":{"line":55,"column":5}},"type":"if","locations":[{"start":{"line":36,"column":4},"end":{"line":55,"column":5}},{"start":{"line":36,"column":4},"end":{"line":55,"column":5}}],"line":36},"1":{"loc":{"start":{"line":47,"column":6},"end":{"line":51,"column":7}},"type":"if","locations":[{"start":{"line":47,"column":6},"end":{"line":51,"column":7}},{"start":{"line":47,"column":6},"end":{"line":51,"column":7}}],"line":47},"2":{"loc":{"start":{"line":57,"column":4},"end":{"line":76,"column":5}},"type":"if","locations":[{"start":{"line":57,"column":4},"end":{"line":76,"column":5}},{"start":{"line":57,"column":4},"end":{"line":76,"column":5}}],"line":57},"3":{"loc":{"start":{"line":68,"column":6},"end":{"line":72,"column":7}},"type":"if","locations":[{"start":{"line":68,"column":6},"end":{"line":72,"column":7}},{"start":{"line":68,"column":6},"end":{"line":72,"column":7}}],"line":68},"4":{"loc":{"start":{"line":78,"column":4},"end":{"line":93,"column":5}},"type":"if","locations":[{"start":{"line":78,"column":4},"end":{"line":93,"column":5}},{"start":{"line":78,"column":4},"end":{"line":93,"column":5}}],"line":78},"5":{"loc":{"start":{"line":85,"column":6},"end":{"line":89,"column":7}},"type":"if","locations":[{"start":{"line":85,"column":6},"end":{"line":89,"column":7}},{"start":{"line":85,"column":6},"end":{"line":89,"column":7}}],"line":85},"6":{"loc":{"start":{"line":104,"column":56},"end":{"line":105,"column":28}},"type":"binary-expr","locations":[{"start":{"line":104,"column":56},"end":{"line":104,"column":73}},{"start":{"line":105,"column":12},"end":{"line":105,"column":28}}],"line":104},"7":{"loc":{"start":{"line":118,"column":67},"end":{"line":119,"column":20}},"type":"binary-expr","locations":[{"start":{"line":118,"column":67},"end":{"line":118,"column":86}},{"start":{"line":119,"column":14},"end":{"line":119,"column":20}}],"line":118},"8":{"loc":{"start":{"line":120,"column":72},"end":{"line":121,"column":20}},"type":"binary-expr","locations":[{"start":{"line":120,"column":72},"end":{"line":120,"column":84}},{"start":{"line":121,"column":14},"end":{"line":121,"column":20}}],"line":120},"9":{"loc":{"start":{"line":122,"column":67},"end":{"line":123,"column":20}},"type":"binary-expr","locations":[{"start":{"line":122,"column":67},"end":{"line":122,"column":87}},{"start":{"line":123,"column":14},"end":{"line":123,"column":20}}],"line":122},"10":{"loc":{"start":{"line":124,"column":65},"end":{"line":125,"column":20}},"type":"binary-expr","locations":[{"start":{"line":124,"column":65},"end":{"line":124,"column":82}},{"start":{"line":125,"column":14},"end":{"line":125,"column":20}}],"line":124}},"s":{"0":0,"1":0,"2":0,"3":0,"4":0,"5":0,"6":0,"7":0,"8":0,"9":0,"10":0,"11":0,"12":0,"13":0,"14":0,"15":0,"16":0,"17":0,"18":0,"19":0,"20":0,"21":0,"22":0,"23":0,"24":0,"25":0,"26":0,"27":0,"28":0,"29":0,"30":0,"31":0,"32":0,"33":0,"34":0,"35":0,"36":0,"37":0,"38":0,"39":0,"40":0,"41":0,"42":0,"43":0,"44":0,"45":0,"46":0,"47":0,"48":0},"f":{"0":0,"1":0,"2":0,"3":0,"4":0,"5":0,"6":0,"7":0,"8":0,"9":0},"b":{"0":[0,0],"1":[0,0],"2":[0,0],"3":[0,0],"4":[0,0],"5":[0,0],"6":[0,0],"7":[0,0],"8":[0,0],"9":[0,0],"10":[0,0]},"_coverageSchema":"43e27e138ebf9cfc5966b082cf9a028302ed4184","hash":"e22eff3bf5f644c0b3fe4a7a16bd99fdd671b873"}
,"/home/travis/build/murarova/js-band-hw-task-5/src/scripts/services/event-emitter.js": {"path":"/home/travis/build/murarova/js-band-hw-task-5/src/scripts/services/event-emitter.js","statementMap":{"0":{"start":{"line":3,"column":4},"end":{"line":3,"column":21}},"1":{"start":{"line":7,"column":4},"end":{"line":7,"column":48}},"2":{"start":{"line":8,"column":4},"end":{"line":8,"column":37}},"3":{"start":{"line":12,"column":4},"end":{"line":14,"column":5}},"4":{"start":{"line":13,"column":6},"end":{"line":13,"column":63}},"5":{"start":{"line":13,"column":44},"end":{"line":13,"column":61}}},"fnMap":{"0":{"name":"(anonymous_0)","decl":{"start":{"line":2,"column":2},"end":{"line":2,"column":3}},"loc":{"start":{"line":2,"column":16},"end":{"line":4,"column":3}},"line":2},"1":{"name":"(anonymous_1)","decl":{"start":{"line":6,"column":2},"end":{"line":6,"column":3}},"loc":{"start":{"line":6,"column":21},"end":{"line":9,"column":3}},"line":6},"2":{"name":"(anonymous_2)","decl":{"start":{"line":11,"column":2},"end":{"line":11,"column":3}},"loc":{"start":{"line":11,"column":22},"end":{"line":15,"column":3}},"line":11},"3":{"name":"(anonymous_3)","decl":{"start":{"line":13,"column":32},"end":{"line":13,"column":33}},"loc":{"start":{"line":13,"column":44},"end":{"line":13,"column":61}},"line":13}},"branchMap":{"0":{"loc":{"start":{"line":7,"column":24},"end":{"line":7,"column":47}},"type":"binary-expr","locations":[{"start":{"line":7,"column":24},"end":{"line":7,"column":41}},{"start":{"line":7,"column":45},"end":{"line":7,"column":47}}],"line":7},"1":{"loc":{"start":{"line":12,"column":4},"end":{"line":14,"column":5}},"type":"if","locations":[{"start":{"line":12,"column":4},"end":{"line":14,"column":5}},{"start":{"line":12,"column":4},"end":{"line":14,"column":5}}],"line":12}},"s":{"0":1,"1":0,"2":0,"3":0,"4":0,"5":0},"f":{"0":1,"1":0,"2":0,"3":0},"b":{"0":[0,0],"1":[0,0]},"_coverageSchema":"43e27e138ebf9cfc5966b082cf9a028302ed4184","hash":"135a3663c1a0b6cffe70f46dd4f8fded803cec59"}
,"/home/travis/build/murarova/js-band-hw-task-5/src/scripts/services/factory.js": {"path":"/home/travis/build/murarova/js-band-hw-task-5/src/scripts/services/factory.js","statementMap":{"0":{"start":{"line":7,"column":4},"end":{"line":7,"column":56}},"1":{"start":{"line":7,"column":25},"end":{"line":7,"column":56}},"2":{"start":{"line":8,"column":4},"end":{"line":8,"column":58}},"3":{"start":{"line":8,"column":26},"end":{"line":8,"column":58}},"4":{"start":{"line":12,"column":23},"end":{"line":12,"column":43}}},"fnMap":{"0":{"name":"(anonymous_0)","decl":{"start":{"line":6,"column":2},"end":{"line":6,"column":3}},"loc":{"start":{"line":6,"column":24},"end":{"line":9,"column":3}},"line":6}},"branchMap":{"0":{"loc":{"start":{"line":7,"column":4},"end":{"line":7,"column":56}},"type":"if","locations":[{"start":{"line":7,"column":4},"end":{"line":7,"column":56}},{"start":{"line":7,"column":4},"end":{"line":7,"column":56}}],"line":7},"1":{"loc":{"start":{"line":8,"column":4},"end":{"line":8,"column":58}},"type":"if","locations":[{"start":{"line":8,"column":4},"end":{"line":8,"column":58}},{"start":{"line":8,"column":4},"end":{"line":8,"column":58}}],"line":8}},"s":{"0":2,"1":1,"2":1,"3":1,"4":2},"f":{"0":2},"b":{"0":[1,1],"1":[1,0]},"_coverageSchema":"43e27e138ebf9cfc5966b082cf9a028302ed4184","hash":"efcd4e8cabb3c85a429340651f99da3040e422b6"}
,"/home/travis/build/murarova/js-band-hw-task-5/src/scripts/services/localstorage.js": {"path":"/home/travis/build/murarova/js-band-hw-task-5/src/scripts/services/localstorage.js","statementMap":{"0":{"start":{"line":3,"column":4},"end":{"line":5,"column":5}},"1":{"start":{"line":4,"column":6},"end":{"line":4,"column":35}},"2":{"start":{"line":6,"column":4},"end":{"line":6,"column":29}},"3":{"start":{"line":7,"column":4},"end":{"line":7,"column":33}},"4":{"start":{"line":8,"column":4},"end":{"line":8,"column":16}},"5":{"start":{"line":12,"column":4},"end":{"line":24,"column":5}},"6":{"start":{"line":13,"column":30},"end":{"line":13,"column":69}},"7":{"start":{"line":15,"column":6},"end":{"line":18,"column":7}},"8":{"start":{"line":16,"column":8},"end":{"line":16,"column":54}},"9":{"start":{"line":17,"column":8},"end":{"line":17,"column":15}},"10":{"start":{"line":20,"column":6},"end":{"line":20,"column":41}},"11":{"start":{"line":23,"column":6},"end":{"line":23,"column":46}},"12":{"start":{"line":28,"column":4},"end":{"line":34,"column":5}},"13":{"start":{"line":29,"column":30},"end":{"line":29,"column":51}},"14":{"start":{"line":30,"column":6},"end":{"line":30,"column":63}},"15":{"start":{"line":33,"column":6},"end":{"line":33,"column":46}},"16":{"start":{"line":37,"column":11},"end":{"line":37,"column":29}}},"fnMap":{"0":{"name":"(anonymous_0)","decl":{"start":{"line":2,"column":2},"end":{"line":2,"column":3}},"loc":{"start":{"line":2,"column":16},"end":{"line":9,"column":3}},"line":2},"1":{"name":"(anonymous_1)","decl":{"start":{"line":11,"column":2},"end":{"line":11,"column":3}},"loc":{"start":{"line":11,"column":11},"end":{"line":25,"column":3}},"line":11},"2":{"name":"(anonymous_2)","decl":{"start":{"line":27,"column":2},"end":{"line":27,"column":3}},"loc":{"start":{"line":27,"column":18},"end":{"line":35,"column":3}},"line":27}},"branchMap":{"0":{"loc":{"start":{"line":3,"column":4},"end":{"line":5,"column":5}},"type":"if","locations":[{"start":{"line":3,"column":4},"end":{"line":5,"column":5}},{"start":{"line":3,"column":4},"end":{"line":5,"column":5}}],"line":3},"1":{"loc":{"start":{"line":15,"column":6},"end":{"line":18,"column":7}},"type":"if","locations":[{"start":{"line":15,"column":6},"end":{"line":18,"column":7}},{"start":{"line":15,"column":6},"end":{"line":18,"column":7}}],"line":15}},"s":{"0":2,"1":0,"2":2,"3":2,"4":2,"5":1,"6":1,"7":1,"8":1,"9":1,"10":0,"11":0,"12":2,"13":2,"14":2,"15":0,"16":2},"f":{"0":2,"1":1,"2":2},"b":{"0":[0,2],"1":[1,0]},"_coverageSchema":"43e27e138ebf9cfc5966b082cf9a028302ed4184","hash":"0734fb561e995e6c679f1d1dbc4bf5b4719527e3"}
,"/home/travis/build/murarova/js-band-hw-task-5/src/scripts/vehicles/ship.js": {"path":"/home/travis/build/murarova/js-band-hw-task-5/src/scripts/vehicles/ship.js","statementMap":{"0":{"start":{"line":13,"column":4},"end":{"line":13,"column":41}},"1":{"start":{"line":14,"column":4},"end":{"line":14,"column":29}},"2":{"start":{"line":15,"column":4},"end":{"line":15,"column":21}},"3":{"start":{"line":16,"column":4},"end":{"line":16,"column":37}},"4":{"start":{"line":17,"column":4},"end":{"line":17,"column":35}},"5":{"start":{"line":21,"column":4},"end":{"line":21,"column":37}}},"fnMap":{"0":{"name":"(anonymous_0)","decl":{"start":{"line":4,"column":2},"end":{"line":4,"column":3}},"loc":{"start":{"line":12,"column":4},"end":{"line":18,"column":3}},"line":12},"1":{"name":"(anonymous_1)","decl":{"start":{"line":20,"column":2},"end":{"line":20,"column":3}},"loc":{"start":{"line":20,"column":21},"end":{"line":22,"column":3}},"line":20}},"branchMap":{},"s":{"0":4,"1":4,"2":4,"3":4,"4":4,"5":1},"f":{"0":4,"1":1},"b":{},"_coverageSchema":"43e27e138ebf9cfc5966b082cf9a028302ed4184","hash":"87887ec756b1056868c3dacc6e665aa2d310d423"}
,"/home/travis/build/murarova/js-band-hw-task-5/src/scripts/vehicles/truck.js": {"path":"/home/travis/build/murarova/js-band-hw-task-5/src/scripts/vehicles/truck.js","statementMap":{"0":{"start":{"line":13,"column":4},"end":{"line":13,"column":41}},"1":{"start":{"line":14,"column":4},"end":{"line":14,"column":31}},"2":{"start":{"line":15,"column":4},"end":{"line":15,"column":37}},"3":{"start":{"line":16,"column":4},"end":{"line":16,"column":37}},"4":{"start":{"line":17,"column":4},"end":{"line":17,"column":31}},"5":{"start":{"line":21,"column":4},"end":{"line":21,"column":37}}},"fnMap":{"0":{"name":"(anonymous_0)","decl":{"start":{"line":4,"column":2},"end":{"line":4,"column":3}},"loc":{"start":{"line":12,"column":4},"end":{"line":18,"column":3}},"line":12},"1":{"name":"(anonymous_1)","decl":{"start":{"line":20,"column":2},"end":{"line":20,"column":3}},"loc":{"start":{"line":20,"column":21},"end":{"line":22,"column":3}},"line":20}},"branchMap":{},"s":{"0":4,"1":4,"2":4,"3":4,"4":4,"5":1},"f":{"0":4,"1":1},"b":{},"_coverageSchema":"43e27e138ebf9cfc5966b082cf9a028302ed4184","hash":"42cb1aba66532fb2692a55fde2c3c6166a329ea3"}
,"/home/travis/build/murarova/js-band-hw-task-5/src/scripts/vehicles/vehicle.js": {"path":"/home/travis/build/murarova/js-band-hw-task-5/src/scripts/vehicles/vehicle.js","statementMap":{"0":{"start":{"line":3,"column":4},"end":{"line":3,"column":23}},"1":{"start":{"line":4,"column":4},"end":{"line":4,"column":37}},"2":{"start":{"line":5,"column":4},"end":{"line":5,"column":29}},"3":{"start":{"line":9,"column":22},"end":{"line":9,"column":29}},"4":{"start":{"line":10,"column":4},"end":{"line":10,"column":37}}},"fnMap":{"0":{"name":"(anonymous_0)","decl":{"start":{"line":2,"column":2},"end":{"line":2,"column":3}},"loc":{"start":{"line":2,"column":45},"end":{"line":6,"column":3}},"line":2},"1":{"name":"(anonymous_1)","decl":{"start":{"line":8,"column":2},"end":{"line":8,"column":3}},"loc":{"start":{"line":8,"column":25},"end":{"line":11,"column":3}},"line":8}},"branchMap":{},"s":{"0":8,"1":8,"2":8,"3":2,"4":2},"f":{"0":8,"1":2},"b":{},"_coverageSchema":"43e27e138ebf9cfc5966b082cf9a028302ed4184","hash":"24d82bf19daefeeff902c9b89c09122e72e16f93"}
}
