TN:
SF:/Users/murarova/Desktop/goIT/js-band-hw-task-5/src/scripts/services/factory.js
FN:6,(anonymous_0)
FNF:1
FNH:1
FNDA:2,(anonymous_0)
DA:7,2
DA:8,1
DA:12,1
LF:3
LH:3
BRDA:7,0,0,1
BRDA:7,0,1,1
BRDA:8,1,0,1
BRDA:8,1,1,0
BRF:4
BRH:3
end_of_record
TN:
SF:/Users/murarova/Desktop/goIT/js-band-hw-task-5/src/scripts/vehicles/ship.js
FN:4,(anonymous_0)
FN:20,(anonymous_1)
FNF:2
FNH:2
FNDA:4,(anonymous_0)
FNDA:1,(anonymous_1)
DA:13,4
DA:14,4
DA:15,4
DA:16,4
DA:17,4
DA:21,1
LF:6
LH:6
BRF:0
BRH:0
end_of_record
TN:
SF:/Users/murarova/Desktop/goIT/js-band-hw-task-5/src/scripts/vehicles/truck.js
FN:4,(anonymous_0)
FN:20,(anonymous_1)
FNF:2
FNH:2
FNDA:4,(anonymous_0)
FNDA:1,(anonymous_1)
DA:13,4
DA:14,4
DA:15,4
DA:16,4
DA:17,4
DA:21,1
LF:6
LH:6
BRF:0
BRH:0
end_of_record
TN:
SF:/Users/murarova/Desktop/goIT/js-band-hw-task-5/src/scripts/vehicles/vehicle.js
FN:2,(anonymous_0)
FN:8,(anonymous_1)
FNF:2
FNH:2
FNDA:8,(anonymous_0)
FNDA:2,(anonymous_1)
DA:3,8
DA:4,8
DA:5,8
DA:9,2
DA:10,2
LF:5
LH:5
BRF:0
BRH:0
end_of_record
